<?xml version="1.0" encoding="UTF-8"?>
<!-- Generated by org.testng.reporters.JUnitReportReporter -->
<testsuite hostname="Sam-PC" name="testcases.VerifyHomePage" tests="1" failures="0" timestamp="13 Apr 2018 05:52:05 GMT" time="19.094" errors="0">
  <testcase name="testHomePage" time="19.094" classname="testcases.VerifyHomePage"/>
</testsuite> <!-- testcases.VerifyHomePage -->
