<?xml version="1.0" encoding="UTF-8"?>
<!-- Generated by org.testng.reporters.JUnitReportReporter -->
<testsuite hostname="Sam-PC" name="testcases.VerifyLoginPageWithReport" tests="1" failures="0" timestamp="13 Apr 2018 05:52:05 GMT" time="29.138" errors="0">
  <testcase name="testHomePage" time="29.138" classname="testcases.VerifyLoginPageWithReport"/>
</testsuite> <!-- testcases.VerifyLoginPageWithReport -->
